Running: C:\Xilinx\14.7\ISE_DS\ISE\bin\nt64\unwrapped\fuse.exe -intstyle ise -incremental -lib secureip -o C:/Users/Mohamed/Desktop/Danie/EEProject/testBCD2_isim_beh.exe -prj C:/Users/Mohamed/Desktop/Danie/EEProject/testBCD2_beh.prj work.testBCD2 
ISim P.20131013 (signature 0x7708f090)
Number of CPUs detected in this system: 4
Turning on mult-threading, number of parallel sub-compilation jobs: 8 
Determining compilation order of HDL files
Parsing VHDL file "C:/Users/Mohamed/Desktop/Danie/EEProject/BCD2.vhd" into library work
Parsing VHDL file "C:/Users/Mohamed/Desktop/Danie/EEProject/testBCD2.vhd" into library work
Starting static elaboration
Completed static elaboration
Compiling package standard
Compiling package std_logic_1164
Compiling package std_logic_arith
Compiling package std_logic_unsigned
Compiling architecture behavioral of entity BCD2 [bcd2_default]
Compiling architecture behavioral of entity testbcd2
Time Resolution for simulation is 1ps.
Waiting for 1 sub-compilation(s) to finish...
Compiled 7 VHDL Units
Built simulation executable C:/Users/Mohamed/Desktop/Danie/EEProject/testBCD2_isim_beh.exe
Fuse Memory Usage: 32000 KB
Fuse CPU Usage: 546 ms
